Arguments: 
  C:\Program Files\nodejs\node.exe C:\Program Files (x86)\Yarn\bin\yarn.js install

PATH: 
  C:\Users\Нина\bin;C:\Program Files\Git\mingw64\bin;C:\Program Files\Git\usr\local\bin;C:\Program Files\Git\usr\bin;C:\Program Files\Git\usr\bin;C:\Program Files\Git\mingw64\bin;C:\Program Files\Git\usr\bin;C:\Users\Нина\bin;C:\Program Files (x86)\Common Files\Oracle\Java\javapath;C:\ProgramData\Oracle\Java\javapath;C:\WINDOWS\system32;C:\WINDOWS;C:\WINDOWS\System32\Wbem;C:\WINDOWS\System32\WindowsPowerShell\v1.0;C:\Program Files (x86)\ATI Technologies\ATI.ACE\Core-Static;C:\Program Files (x86)\AMD\ATI.ACE\Core-Static;C:\WINDOWS\system3;C:\Python33";C:\WINDOWS\System32\OpenSSH;C:\Program Files\SafeNet\Authentication\SAC\x64;C:\Program Files\SafeNet\Authentication\SAC\x32;C:\Program Files\Git\cmd;C:\Users\Нина\Downloads\dart-sass\src;C:\Program Files\nodejs;C:\Program Files (x86)\Yarn\bin;C:\Users\Нина\AppData\Local\Microsoft\WindowsApps;C:\Users\Нина\AppData\Local\atom\bin;C:\Users\Нина\AppData\Roaming\npm;C:\Users\Нина\AppData\Local\Yarn\bin;C:\Program Files\Git\usr\bin\vendor_perl;C:\Program Files\Git\usr\bin\core_perl

Yarn version: 
  1.16.0

Node version: 
  10.16.0

Platform: 
  win32 x64

Trace: 
  SyntaxError: C:\Users\Нина\Downloads\task2\package.json: Unexpected string in JSON at position 86
      at JSON.parse (<anonymous>)
      at C:\Program Files (x86)\Yarn\lib\cli.js:1625:59
      at Generator.next (<anonymous>)
      at step (C:\Program Files (x86)\Yarn\lib\cli.js:304:30)
      at C:\Program Files (x86)\Yarn\lib\cli.js:315:13

npm manifest: 
  {
    "name": "task2",
    "version": "1.0.0",
    "main": "index.js",
    "license": "MIT"
    "devDependencies": {
      "@babel/cli": "^7.4.4",
      "@babel/core": "^7.4.5",
      "autoprefixer": "^9.6.0",
      "babel-loader": "^8.0.6",
      "babel-preset-env": "^1.7.0",
      "css-loader": "^3.0.0",
      "html-webpack-plugin": "^3.2.0",
      "mini-css-extract-plugin": "^0.7.0",
      "node-sass": "^4.12.0",
      "postcss-loader": "^3.0.0",
      "pug": "^2.0.4",
      "pug-loader": "^2.4.0",
      "sass-loader": "^7.1.0",
      "style-loader": "^0.23.1",
      "webpack": "^4.35.2",
      "webpack-cli": "^3.3.5",
      "webpack-dev-server": "^3.7.2"
    },
    "dependencies": {
      "acorn": "^6.1.1",
      "jquery": "^3.4.1"
    },
    "scripts": {
      "start": "webpack-dev-server --mode development --open",
      "build": "webpack --mode production",
      "cross": "babel"
    }
  }

yarn manifest: 
  No manifest

Lockfile: 
  No lockfile
